0 info it worked if it ends with ok
1 verbose cli [ '/usr/bin/nodejs', '/usr/bin/npm', 'start' ]
2 info using npm@2.14.7
3 info using node@v4.2.1
4 verbose run-script [ 'prestart', 'start', 'poststart' ]
5 info prestart foundation-apps-template@1.1.0
6 info start foundation-apps-template@1.1.0
7 verbose unsafe-perm in lifecycle true
8 info foundation-apps-template@1.1.0 Failed to exec start script
9 verbose stack Error: foundation-apps-template@1.1.0 start: `gulp`
9 verbose stack spawn ENOENT
9 verbose stack     at ChildProcess.<anonymous> (/usr/lib/node_modules/npm/lib/utils/spawn.js:17:16)
9 verbose stack     at emitTwo (events.js:87:13)
9 verbose stack     at ChildProcess.emit (events.js:172:7)
9 verbose stack     at maybeClose (internal/child_process.js:818:16)
9 verbose stack     at Process.ChildProcess._handle.onexit (internal/child_process.js:211:5)
10 verbose pkgid foundation-apps-template@1.1.0
11 verbose cwd /maecen/frontend
12 error Linux 3.13.0-65-generic
13 error argv "/usr/bin/nodejs" "/usr/bin/npm" "start"
14 error node v4.2.1
15 error npm  v2.14.7
16 error file sh
17 error code ELIFECYCLE
18 error errno ENOENT
19 error syscall spawn
20 error foundation-apps-template@1.1.0 start: `gulp`
20 error spawn ENOENT
21 error Failed at the foundation-apps-template@1.1.0 start script 'gulp'.
21 error This is most likely a problem with the foundation-apps-template package,
21 error not with npm itself.
21 error Tell the author that this fails on your system:
21 error     gulp
21 error You can get their info via:
21 error     npm owner ls foundation-apps-template
21 error There is likely additional logging output above.
22 verbose exit [ 1, true ]
